<?xml version="1.0" encoding="UTF-8"?>
<coverage generated="1721087718045" clover="3.2.0">
  <project timestamp="1721087718045" name="All files">
    <metrics statements="4" coveredstatements="4" conditionals="2" coveredconditionals="2" methods="1" coveredmethods="1" elements="7" coveredelements="7" complexity="0" loc="4" ncloc="4" packages="1" files="1" classes="1"/>
    <file name="processor.js" path="C:\Users\cjhoo\Desktop\LaunchCode\javascript-projects\unit-testing\chapter-examples\transmission-processor\processor\processor.js">
      <metrics statements="4" coveredstatements="4" conditionals="2" coveredconditionals="2" methods="1" coveredmethods="1"/>
      <line num="2" count="2" type="cond" truecount="2" falsecount="0"/>
      <line num="4" count="1" type="stmt"/>
      <line num="6" count="1" type="stmt"/>
      <line num="9" count="1" type="stmt"/>
    </file>
  </project>
</coverage>
