{"C:\\Users\\cjhoo\\Desktop\\LaunchCode\\javascript-projects\\unit-testing\\chapter-examples\\transmission-processor\\processor\\processor.js": {"path":"C:\\Users\\cjhoo\\Desktop\\LaunchCode\\javascript-projects\\unit-testing\\chapter-examples\\transmission-processor\\processor\\processor.js","statementMap":{"0":{"start":{"line":2,"column":4},"end":{"line":5,"column":5}},"1":{"start":{"line":4,"column":8},"end":{"line":4,"column":18}},"2":{"start":{"line":6,"column":4},"end":{"line":6,"column":14}},"3":{"start":{"line":9,"column":0},"end":{"line":9,"column":27}}},"fnMap":{"0":{"name":"processor","decl":{"start":{"line":1,"column":9},"end":{"line":1,"column":18}},"loc":{"start":{"line":1,"column":32},"end":{"line":7,"column":1}},"line":1}},"branchMap":{"0":{"loc":{"start":{"line":2,"column":4},"end":{"line":5,"column":5}},"type":"if","locations":[{"start":{"line":2,"column":4},"end":{"line":5,"column":5}},{"start":{},"end":{}}],"line":2}},"s":{"0":2,"1":1,"2":1,"3":1},"f":{"0":2},"b":{"0":[1,1]},"_coverageSchema":"1a1c01bbd47fc00a2c39e90264f33305004495a9","hash":"6107c0a5fe14379b3555979c23007562ff6a8d51"}
}
